<?xml version="1.0" encoding="UTF-8"?>
<coverage generated="1716149847144" clover="3.2.0">
  <project timestamp="1716149847144" name="All files">
    <metrics statements="33" coveredstatements="33" conditionals="3" coveredconditionals="3" methods="19" coveredmethods="19" elements="55" coveredelements="55" complexity="0" loc="33" ncloc="33" packages="1" files="4" classes="4"/>
    <file name="Bank.ts" path="/Users/benjamin/Code/TDD-by-examples/src/Bank.ts">
      <metrics statements="8" coveredstatements="8" conditionals="1" coveredconditionals="1" methods="4" coveredmethods="4"/>
      <line num="3" count="1" type="stmt"/>
      <line num="5" count="1" type="stmt"/>
      <line num="6" count="8" type="stmt"/>
      <line num="9" count="7" type="stmt"/>
      <line num="13" count="14" type="cond" truecount="1" falsecount="0"/>
      <line num="14" count="4" type="stmt"/>
      <line num="15" count="4" type="stmt"/>
      <line num="19" count="4" type="stmt"/>
    </file>
    <file name="Money.ts" path="/Users/benjamin/Code/TDD-by-examples/src/Money.ts">
      <metrics statements="13" coveredstatements="13" conditionals="2" coveredconditionals="2" methods="9" coveredmethods="9"/>
      <line num="3" count="1" type="stmt"/>
      <line num="5" count="1" type="stmt"/>
      <line num="10" count="58" type="stmt"/>
      <line num="11" count="58" type="stmt"/>
      <line num="15" count="3" type="cond" truecount="2" falsecount="0"/>
      <line num="19" count="6" type="stmt"/>
      <line num="23" count="3" type="stmt"/>
      <line num="27" count="13" type="stmt"/>
      <line num="28" count="13" type="stmt"/>
      <line num="32" count="4" type="stmt"/>
      <line num="36" count="12" type="stmt"/>
      <line num="40" count="24" type="stmt"/>
      <line num="44" count="9" type="stmt"/>
    </file>
    <file name="Pair.ts" path="/Users/benjamin/Code/TDD-by-examples/src/Pair.ts">
      <metrics statements="4" coveredstatements="4" conditionals="0" coveredconditionals="0" methods="2" coveredmethods="2"/>
      <line num="1" count="1" type="stmt"/>
      <line num="6" count="8" type="stmt"/>
      <line num="7" count="8" type="stmt"/>
      <line num="11" count="8" type="stmt"/>
    </file>
    <file name="Sum.ts" path="/Users/benjamin/Code/TDD-by-examples/src/Sum.ts">
      <metrics statements="8" coveredstatements="8" conditionals="0" coveredconditionals="0" methods="4" coveredmethods="4"/>
      <line num="3" count="1" type="stmt"/>
      <line num="5" count="1" type="stmt"/>
      <line num="10" count="8" type="stmt"/>
      <line num="11" count="8" type="stmt"/>
      <line num="15" count="6" type="stmt"/>
      <line num="16" count="6" type="stmt"/>
      <line num="20" count="1" type="stmt"/>
      <line num="24" count="1" type="stmt"/>
    </file>
  </project>
</coverage>
