TN:
SF:src/Bank.ts
FN:5,(anonymous_0)
FNF:1
FNH:1
FNDA:3,(anonymous_0)
DA:4,1
DA:6,3
LF:2
LH:2
BRF:0
BRH:0
end_of_record
TN:
SF:src/Money.ts
FN:8,(anonymous_0)
FN:13,(anonymous_1)
FN:17,(anonymous_2)
FN:21,(anonymous_3)
FN:25,(anonymous_4)
FN:29,(anonymous_5)
FN:33,(anonymous_6)
FN:37,(anonymous_7)
FN:41,(anonymous_8)
FNF:9
FNH:9
FNDA:28,(anonymous_0)
FNDA:3,(anonymous_1)
FNDA:4,(anonymous_2)
FNDA:2,(anonymous_3)
FNDA:1,(anonymous_4)
FNDA:4,(anonymous_5)
FNDA:4,(anonymous_6)
FNDA:17,(anonymous_7)
FNDA:5,(anonymous_8)
DA:2,1
DA:4,1
DA:9,28
DA:10,28
DA:14,3
DA:18,4
DA:22,2
DA:26,1
DA:30,4
DA:34,4
DA:38,17
DA:42,5
LF:12
LH:12
BRDA:14,0,0,3
BRDA:14,0,1,2
BRF:2
BRH:2
end_of_record
TN:
SF:src/Sum.ts
FN:8,(anonymous_0)
FN:13,(anonymous_1)
FNF:2
FNH:2
FNDA:3,(anonymous_0)
FNDA:2,(anonymous_1)
DA:2,1
DA:4,1
DA:9,3
DA:10,3
DA:14,2
DA:15,2
LF:6
LH:6
BRF:0
BRH:0
end_of_record
