TN:
SF:src/Bank.ts
FN:5,(anonymous_0)
FN:8,(anonymous_1)
FN:12,(anonymous_2)
FN:18,(anonymous_3)
FNF:4
FNH:4
FNDA:6,(anonymous_0)
FNDA:5,(anonymous_1)
FNDA:9,(anonymous_2)
FNDA:2,(anonymous_3)
DA:3,1
DA:5,1
DA:6,6
DA:9,5
DA:13,9
DA:14,2
DA:15,2
DA:19,2
LF:8
LH:8
BRDA:13,0,0,7
BRF:1
BRH:1
end_of_record
TN:
SF:src/Money.ts
FN:9,(anonymous_0)
FN:14,(anonymous_1)
FN:18,(anonymous_2)
FN:22,(anonymous_3)
FN:26,(anonymous_4)
FN:31,(anonymous_5)
FN:35,(anonymous_6)
FN:39,(anonymous_7)
FN:43,(anonymous_8)
FNF:9
FNH:9
FNDA:42,(anonymous_0)
FNDA:3,(anonymous_1)
FNDA:4,(anonymous_2)
FNDA:3,(anonymous_3)
FNDA:8,(anonymous_4)
FNDA:4,(anonymous_5)
FNDA:6,(anonymous_6)
FNDA:20,(anonymous_7)
FNDA:7,(anonymous_8)
DA:3,1
DA:5,1
DA:10,42
DA:11,42
DA:15,3
DA:19,4
DA:23,3
DA:27,8
DA:28,8
DA:32,4
DA:36,6
DA:40,20
DA:44,7
LF:13
LH:13
BRDA:15,0,0,3
BRDA:15,0,1,2
BRF:2
BRH:2
end_of_record
TN:
SF:src/Pair.ts
FN:5,(anonymous_0)
FN:10,(anonymous_1)
FNF:2
FNH:2
FNDA:4,(anonymous_0)
FNDA:4,(anonymous_1)
DA:1,1
DA:6,4
DA:7,4
DA:11,4
LF:4
LH:4
BRF:0
BRH:0
end_of_record
TN:
SF:src/Sum.ts
FN:9,(anonymous_0)
FN:14,(anonymous_1)
FN:19,(anonymous_2)
FNF:3
FNH:2
FNDA:4,(anonymous_0)
FNDA:3,(anonymous_1)
FNDA:0,(anonymous_2)
DA:3,1
DA:5,1
DA:10,4
DA:11,4
DA:15,3
DA:16,3
DA:20,0
LF:7
LH:6
BRF:0
BRH:0
end_of_record
